2020-12-09 | 11:24:50.169 | main                      |  INFO | c.l.c.CustomLoggingApplication       | ID:        | Starting CustomLoggingApplication on DESKTOP-8AO41P3 with PID 16132 (D:\ENOCK\PROJECTS\spring-boot\custom-logging\target\classes started by Enock in D:\ENOCK\PROJECTS\spring-boot\custom-logging)
2020-12-09 | 11:24:50.179 | main                      | DEBUG | c.l.c.CustomLoggingApplication       | ID:        | Running with Spring Boot v2.2.6.RELEASE, Spring v5.2.5.RELEASE
2020-12-09 | 11:24:50.182 | main                      |  INFO | c.l.c.CustomLoggingApplication       | ID:        | No active profile set, falling back to default profiles: default
2020-12-09 | 11:24:51.269 | main                      |  INFO | o.s.b.w.e.tomcat.TomcatWebServer     | ID:        | Tomcat initialized with port(s): 8081 (http)
2020-12-09 | 11:24:51.278 | main                      |  INFO | o.a.catalina.core.StandardService    | ID:        | Starting service [Tomcat]
2020-12-09 | 11:24:51.278 | main                      |  INFO | o.a.catalina.core.StandardEngine     | ID:        | Starting Servlet engine: [Apache Tomcat/9.0.33]
2020-12-09 | 11:24:51.394 | main                      |  INFO | o.a.c.c.C.[Tomcat].[localhost].[/]   | ID:        | Initializing Spring embedded WebApplicationContext
2020-12-09 | 11:24:51.395 | main                      |  INFO | o.s.web.context.ContextLoader        | ID:        | Root WebApplicationContext: initialization completed in 1156 ms
2020-12-09 | 11:24:51.580 | main                      |  INFO | o.s.s.c.ThreadPoolTaskExecutor       | ID:        | Initializing ExecutorService 'applicationTaskExecutor'
2020-12-09 | 11:24:51.720 | main                      |  INFO | o.s.b.w.e.tomcat.TomcatWebServer     | ID:        | Tomcat started on port(s): 8081 (http) with context path ''
2020-12-09 | 11:24:51.722 | main                      |  INFO | c.l.c.CustomLoggingApplication       | ID:        | Started CustomLoggingApplication in 1.96 seconds (JVM running for 3.798)
2020-12-09 | 11:24:51.728 | main                      | DEBUG | c.l.c.CustomLoggingApplication       | ID: 154457 | Spring Boot Application has started successfully.........
2020-12-09 | 11:25:42.639 | http-nio-8081-exec-1      |  INFO | o.a.c.c.C.[Tomcat].[localhost].[/]   | ID:        | Initializing Spring DispatcherServlet 'dispatcherServlet'
2020-12-09 | 11:25:42.640 | http-nio-8081-exec-1      |  INFO | o.s.web.servlet.DispatcherServlet    | ID:        | Initializing Servlet 'dispatcherServlet'
2020-12-09 | 11:25:42.645 | http-nio-8081-exec-1      |  INFO | o.s.web.servlet.DispatcherServlet    | ID:        | Completed initialization in 5 ms
2020-12-09 | 11:25:51.672 | http-nio-8081-exec-3      |  INFO | c.l.c.CustomLoggingApplication       | ID: 154454 | Loading Homepage
2020-12-09 | 11:26:14.720 | http-nio-8081-exec-4      |  INFO | c.l.c.CustomLoggingApplication       | ID: 154454 | Loading About Page
2020-12-09 | 11:26:14.721 | http-nio-8081-exec-4      |  WARN | c.l.c.CustomLoggingApplication       | ID: 154458 | This about page is about spring boot ELK Stack Log management..
2020-12-09 | 11:29:09.631 | http-nio-8081-exec-7      |  WARN | c.l.c.CustomLoggingApplication       | ID: 154458 | Runtime exception thrown....
2020-12-09 | 11:29:09.643 | http-nio-8081-exec-7      | ERROR | o.a.c.c.C.[.[.[.[dispatcherServlet]  | ID:        | Servlet.service() for servlet [dispatcherServlet] in context with path [] threw exception [Request processing failed; nested exception is java.lang.RuntimeException: Ooops Exception has occurred .......] with root cause
java.lang.RuntimeException: Ooops Exception has occurred .......
	at com.linocks.customlogging.CustomLoggingApplication.logException(CustomLoggingApplication.java:37)
	at sun.reflect.NativeMethodAccessorImpl.invoke0(Native Method)
	at sun.reflect.NativeMethodAccessorImpl.invoke(NativeMethodAccessorImpl.java:62)
	at sun.reflect.DelegatingMethodAccessorImpl.invoke(DelegatingMethodAccessorImpl.java:43)
	at java.lang.reflect.Method.invoke(Method.java:498)
	at org.springframework.web.method.support.InvocableHandlerMethod.doInvoke(InvocableHandlerMethod.java:190)
	at org.springframework.web.method.support.InvocableHandlerMethod.invokeForRequest(InvocableHandlerMethod.java:138)
	at org.springframework.web.servlet.mvc.method.annotation.ServletInvocableHandlerMethod.invokeAndHandle(ServletInvocableHandlerMethod.java:105)
	at org.springframework.web.servlet.mvc.method.annotation.RequestMappingHandlerAdapter.invokeHandlerMethod(RequestMappingHandlerAdapter.java:879)
	at org.springframework.web.servlet.mvc.method.annotation.RequestMappingHandlerAdapter.handleInternal(RequestMappingHandlerAdapter.java:793)
	at org.springframework.web.servlet.mvc.method.AbstractHandlerMethodAdapter.handle(AbstractHandlerMethodAdapter.java:87)
	at org.springframework.web.servlet.DispatcherServlet.doDispatch(DispatcherServlet.java:1040)
	at org.springframework.web.servlet.DispatcherServlet.doService(DispatcherServlet.java:943)
	at org.springframework.web.servlet.FrameworkServlet.processRequest(FrameworkServlet.java:1006)
	at org.springframework.web.servlet.FrameworkServlet.doGet(FrameworkServlet.java:898)
	at javax.servlet.http.HttpServlet.service(HttpServlet.java:634)
	at org.springframework.web.servlet.FrameworkServlet.service(FrameworkServlet.java:883)
	at javax.servlet.http.HttpServlet.service(HttpServlet.java:741)
	at org.apache.catalina.core.ApplicationFilterChain.internalDoFilter(ApplicationFilterChain.java:231)
	at org.apache.catalina.core.ApplicationFilterChain.doFilter(ApplicationFilterChain.java:166)
	at org.apache.tomcat.websocket.server.WsFilter.doFilter(WsFilter.java:53)
	at org.apache.catalina.core.ApplicationFilterChain.internalDoFilter(ApplicationFilterChain.java:193)
	at org.apache.catalina.core.ApplicationFilterChain.doFilter(ApplicationFilterChain.java:166)
	at org.springframework.web.filter.RequestContextFilter.doFilterInternal(RequestContextFilter.java:100)
	at org.springframework.web.filter.OncePerRequestFilter.doFilter(OncePerRequestFilter.java:119)
	at org.apache.catalina.core.ApplicationFilterChain.internalDoFilter(ApplicationFilterChain.java:193)
	at org.apache.catalina.core.ApplicationFilterChain.doFilter(ApplicationFilterChain.java:166)
	at org.springframework.web.filter.FormContentFilter.doFilterInternal(FormContentFilter.java:93)
	at org.springframework.web.filter.OncePerRequestFilter.doFilter(OncePerRequestFilter.java:119)
	at org.apache.catalina.core.ApplicationFilterChain.internalDoFilter(ApplicationFilterChain.java:193)
	at org.apache.catalina.core.ApplicationFilterChain.doFilter(ApplicationFilterChain.java:166)
	at org.springframework.web.filter.CharacterEncodingFilter.doFilterInternal(CharacterEncodingFilter.java:201)
	at org.springframework.web.filter.OncePerRequestFilter.doFilter(OncePerRequestFilter.java:119)
	at org.apache.catalina.core.ApplicationFilterChain.internalDoFilter(ApplicationFilterChain.java:193)
	at org.apache.catalina.core.ApplicationFilterChain.doFilter(ApplicationFilterChain.java:166)
	at org.apache.catalina.core.StandardWrapperValve.invoke(StandardWrapperValve.java:202)
	at org.apache.catalina.core.StandardContextValve.invoke(StandardContextValve.java:96)
	at org.apache.catalina.authenticator.AuthenticatorBase.invoke(AuthenticatorBase.java:541)
	at org.apache.catalina.core.StandardHostValve.invoke(StandardHostValve.java:139)
	at org.apache.catalina.valves.ErrorReportValve.invoke(ErrorReportValve.java:92)
	at org.apache.catalina.core.StandardEngineValve.invoke(StandardEngineValve.java:74)
	at org.apache.catalina.connector.CoyoteAdapter.service(CoyoteAdapter.java:343)
	at org.apache.coyote.http11.Http11Processor.service(Http11Processor.java:373)
	at org.apache.coyote.AbstractProcessorLight.process(AbstractProcessorLight.java:65)
	at org.apache.coyote.AbstractProtocol$ConnectionHandler.process(AbstractProtocol.java:868)
	at org.apache.tomcat.util.net.NioEndpoint$SocketProcessor.doRun(NioEndpoint.java:1594)
	at org.apache.tomcat.util.net.SocketProcessorBase.run(SocketProcessorBase.java:49)
	at java.util.concurrent.ThreadPoolExecutor.runWorker(ThreadPoolExecutor.java:1149)
	at java.util.concurrent.ThreadPoolExecutor$Worker.run(ThreadPoolExecutor.java:624)
	at org.apache.tomcat.util.threads.TaskThread$WrappingRunnable.run(TaskThread.java:61)
	at java.lang.Thread.run(Thread.java:748)
2020-12-09 | 11:48:53.547 | main                      |  INFO | c.l.c.CustomLoggingApplication       | ID:        | Starting CustomLoggingApplication on DESKTOP-8AO41P3 with PID 21332 (D:\ENOCK\PROJECTS\spring-boot\custom-logging\target\classes started by Enock in D:\ENOCK\PROJECTS\spring-boot\custom-logging)
2020-12-09 | 11:48:53.551 | main                      | DEBUG | c.l.c.CustomLoggingApplication       | ID:        | Running with Spring Boot v2.2.6.RELEASE, Spring v5.2.5.RELEASE
2020-12-09 | 11:48:53.551 | main                      |  INFO | c.l.c.CustomLoggingApplication       | ID:        | No active profile set, falling back to default profiles: default
2020-12-09 | 11:48:54.444 | main                      |  INFO | o.s.b.w.e.tomcat.TomcatWebServer     | ID:        | Tomcat initialized with port(s): 8080 (http)
2020-12-09 | 11:48:54.452 | main                      |  INFO | o.a.catalina.core.StandardService    | ID:        | Starting service [Tomcat]
2020-12-09 | 11:48:54.452 | main                      |  INFO | o.a.catalina.core.StandardEngine     | ID:        | Starting Servlet engine: [Apache Tomcat/9.0.33]
2020-12-09 | 11:48:54.551 | main                      |  INFO | o.a.c.c.C.[Tomcat].[localhost].[/]   | ID:        | Initializing Spring embedded WebApplicationContext
2020-12-09 | 11:48:54.552 | main                      |  INFO | o.s.web.context.ContextLoader        | ID:        | Root WebApplicationContext: initialization completed in 949 ms
2020-12-09 | 11:48:54.713 | main                      |  INFO | o.s.s.c.ThreadPoolTaskExecutor       | ID:        | Initializing ExecutorService 'applicationTaskExecutor'
2020-12-09 | 11:48:54.847 | main                      |  INFO | o.s.b.w.e.tomcat.TomcatWebServer     | ID:        | Tomcat started on port(s): 8080 (http) with context path ''
2020-12-09 | 11:48:54.850 | main                      |  INFO | c.l.c.CustomLoggingApplication       | ID:        | Started CustomLoggingApplication in 1.759 seconds (JVM running for 3.125)
2020-12-09 | 11:48:54.855 | main                      | DEBUG | c.l.c.CustomLoggingApplication       | ID: 154457 | Spring Boot Application has started successfully.........
2020-12-09 | 11:49:06.452 | http-nio-8080-exec-1      |  INFO | o.a.c.c.C.[Tomcat].[localhost].[/]   | ID:        | Initializing Spring DispatcherServlet 'dispatcherServlet'
2020-12-09 | 11:49:06.452 | http-nio-8080-exec-1      |  INFO | o.s.web.servlet.DispatcherServlet    | ID:        | Initializing Servlet 'dispatcherServlet'
2020-12-09 | 11:49:06.457 | http-nio-8080-exec-1      |  INFO | o.s.web.servlet.DispatcherServlet    | ID:        | Completed initialization in 5 ms
2020-12-09 | 11:49:06.476 | http-nio-8080-exec-1      |  INFO | c.l.c.CustomLoggingApplication       | ID: 154454 | Loading Homepage
